2026-04-13 21:17:35,982 INFO:main.py:240:print_splash_screen:PDB2PQR v3.6.1: biomolecular structure conversion software.
2026-04-13 21:17:35,982 INFO:main.py:242:print_splash_screen:Please cite:  Jurrus E, et al.  Improvements to the APBS biomolecular solvation software suite.  Protein Sci 27 112-128 (2018).
2026-04-13 21:17:35,983 INFO:main.py:242:print_splash_screen:Please cite:  Dolinsky TJ, et al.  PDB2PQR: expanding and upgrading automated preparation of biomolecular structures for molecular simulations. Nucleic Acids Res 35 W522-W525 (2007).
2026-04-13 21:17:35,983 INFO:main.py:759:main_driver:Checking and transforming input arguments.
2026-04-13 21:17:35,987 INFO:main.py:763:main_driver:Loading topology files.
2026-04-13 21:17:36,025 INFO:main.py:765:main_driver:Loading molecule: 2RVD
2026-04-13 21:17:36,486 INFO:main.py:768:main_driver:Dropping water from structure.
2026-04-13 21:17:36,488 INFO:main.py:770:main_driver:Setting up molecule.
2026-04-13 21:17:36,488 INFO:main.py:408:setup_molecule:Created biomolecule object with 10 residues and 163 atoms.
2026-04-13 21:17:36,488 INFO:main.py:774:main_driver:Setting termini states for biomolecule chains.
2026-04-13 21:17:36,489 INFO:main.py:604:non_trivial:Loading forcefield.
2026-04-13 21:17:36,505 INFO:main.py:608:non_trivial:Loading hydrogen topology definitions.
2026-04-13 21:17:36,510 WARNING:biomolecule.py:157:num_missing_heavy:Missing atom OXT in residue TYR A 10
2026-04-13 21:17:36,510 WARNING:biomolecule.py:157:num_missing_heavy:Missing atom OXT in residue TYR A 10
2026-04-13 21:17:36,510 INFO:main.py:618:non_trivial:Attempting to repair 1 missing atoms in biomolecule.
2026-04-13 21:17:36,510 WARNING:biomolecule.py:157:num_missing_heavy:Missing atom OXT in residue TYR A 10
2026-04-13 21:17:36,511 INFO:biomolecule.py:1077:repair_heavy:Added atom OXT to residue TYR A 10 at coordinates -1.392, -1.790, -1.558
2026-04-13 21:17:36,511 INFO:main.py:623:non_trivial:Updating disulfide bridges.
2026-04-13 21:17:36,511 INFO:main.py:626:non_trivial:Debumping biomolecule.
2026-04-13 21:17:36,513 INFO:main.py:649:non_trivial:Adding hydrogens to biomolecule.
2026-04-13 21:17:36,513 INFO:main.py:652:non_trivial:Debumping biomolecule (again).
2026-04-13 21:17:36,515 INFO:main.py:654:non_trivial:Optimizing hydrogen bonds
2026-04-13 21:17:36,536 INFO:main.py:666:non_trivial:Applying force field to biomolecule states.
2026-04-13 21:17:36,536 INFO:main.py:713:non_trivial:Regenerating headers.
2026-04-13 21:17:36,536 INFO:main.py:738:non_trivial:Regenerating PDB lines.
2026-04-13 21:17:36,537 WARNING:main.py:311:print_pqr:Ignoring 395 header lines in output.
