2026-04-13 20:37:53,067 INFO:main.py:240:print_splash_screen:PDB2PQR v3.6.1: biomolecular structure conversion software.
2026-04-13 20:37:53,067 INFO:main.py:242:print_splash_screen:Please cite:  Jurrus E, et al.  Improvements to the APBS biomolecular solvation software suite.  Protein Sci 27 112-128 (2018).
2026-04-13 20:37:53,068 INFO:main.py:242:print_splash_screen:Please cite:  Dolinsky TJ, et al.  PDB2PQR: expanding and upgrading automated preparation of biomolecular structures for molecular simulations. Nucleic Acids Res 35 W522-W525 (2007).
2026-04-13 20:37:53,068 INFO:main.py:759:main_driver:Checking and transforming input arguments.
2026-04-13 20:37:53,075 INFO:main.py:763:main_driver:Loading topology files.
2026-04-13 20:37:53,117 INFO:main.py:765:main_driver:Loading molecule: 2RVD
2026-04-13 20:37:54,088 INFO:main.py:768:main_driver:Dropping water from structure.
2026-04-13 20:37:54,089 INFO:main.py:770:main_driver:Setting up molecule.
2026-04-13 20:37:54,090 INFO:main.py:408:setup_molecule:Created biomolecule object with 10 residues and 163 atoms.
2026-04-13 20:37:54,090 INFO:main.py:774:main_driver:Setting termini states for biomolecule chains.
2026-04-13 20:37:54,091 INFO:main.py:604:non_trivial:Loading forcefield.
2026-04-13 20:37:54,107 INFO:main.py:608:non_trivial:Loading hydrogen topology definitions.
2026-04-13 20:37:54,112 WARNING:biomolecule.py:157:num_missing_heavy:Missing atom OXT in residue TYR A 10
2026-04-13 20:37:54,112 WARNING:biomolecule.py:157:num_missing_heavy:Missing atom OXT in residue TYR A 10
2026-04-13 20:37:54,112 INFO:main.py:618:non_trivial:Attempting to repair 1 missing atoms in biomolecule.
2026-04-13 20:37:54,112 WARNING:biomolecule.py:157:num_missing_heavy:Missing atom OXT in residue TYR A 10
2026-04-13 20:37:54,112 INFO:biomolecule.py:1077:repair_heavy:Added atom OXT to residue TYR A 10 at coordinates -1.392, -1.790, -1.558
2026-04-13 20:37:54,112 INFO:main.py:623:non_trivial:Updating disulfide bridges.
2026-04-13 20:37:54,112 INFO:main.py:626:non_trivial:Debumping biomolecule.
2026-04-13 20:37:54,115 INFO:main.py:649:non_trivial:Adding hydrogens to biomolecule.
2026-04-13 20:37:54,115 INFO:main.py:652:non_trivial:Debumping biomolecule (again).
2026-04-13 20:37:54,117 INFO:main.py:654:non_trivial:Optimizing hydrogen bonds
2026-04-13 20:37:54,138 INFO:main.py:666:non_trivial:Applying force field to biomolecule states.
2026-04-13 20:37:54,138 INFO:main.py:713:non_trivial:Regenerating headers.
2026-04-13 20:37:54,138 INFO:main.py:738:non_trivial:Regenerating PDB lines.
2026-04-13 20:37:54,139 WARNING:main.py:311:print_pqr:Ignoring 395 header lines in output.
2026-04-13 20:46:25,330 INFO:main.py:240:print_splash_screen:PDB2PQR v3.6.1: biomolecular structure conversion software.
2026-04-13 20:46:25,331 INFO:main.py:242:print_splash_screen:Please cite:  Jurrus E, et al.  Improvements to the APBS biomolecular solvation software suite.  Protein Sci 27 112-128 (2018).
2026-04-13 20:46:25,331 INFO:main.py:242:print_splash_screen:Please cite:  Dolinsky TJ, et al.  PDB2PQR: expanding and upgrading automated preparation of biomolecular structures for molecular simulations. Nucleic Acids Res 35 W522-W525 (2007).
2026-04-13 20:46:25,331 INFO:main.py:759:main_driver:Checking and transforming input arguments.
2026-04-13 20:46:25,337 INFO:main.py:763:main_driver:Loading topology files.
2026-04-13 20:46:25,379 INFO:main.py:765:main_driver:Loading molecule: 2RVD
2026-04-13 20:46:25,850 INFO:main.py:768:main_driver:Dropping water from structure.
2026-04-13 20:46:25,851 INFO:main.py:770:main_driver:Setting up molecule.
2026-04-13 20:46:25,852 INFO:main.py:408:setup_molecule:Created biomolecule object with 10 residues and 163 atoms.
2026-04-13 20:46:25,852 INFO:main.py:774:main_driver:Setting termini states for biomolecule chains.
2026-04-13 20:46:25,852 INFO:main.py:604:non_trivial:Loading forcefield.
2026-04-13 20:46:25,868 INFO:main.py:608:non_trivial:Loading hydrogen topology definitions.
2026-04-13 20:46:25,873 WARNING:biomolecule.py:157:num_missing_heavy:Missing atom OXT in residue TYR A 10
2026-04-13 20:46:25,873 WARNING:biomolecule.py:157:num_missing_heavy:Missing atom OXT in residue TYR A 10
2026-04-13 20:46:25,874 INFO:main.py:618:non_trivial:Attempting to repair 1 missing atoms in biomolecule.
2026-04-13 20:46:25,874 WARNING:biomolecule.py:157:num_missing_heavy:Missing atom OXT in residue TYR A 10
2026-04-13 20:46:25,874 INFO:biomolecule.py:1077:repair_heavy:Added atom OXT to residue TYR A 10 at coordinates -1.392, -1.790, -1.558
2026-04-13 20:46:25,874 INFO:main.py:623:non_trivial:Updating disulfide bridges.
2026-04-13 20:46:25,874 INFO:main.py:626:non_trivial:Debumping biomolecule.
2026-04-13 20:46:25,877 INFO:main.py:649:non_trivial:Adding hydrogens to biomolecule.
2026-04-13 20:46:25,877 INFO:main.py:652:non_trivial:Debumping biomolecule (again).
2026-04-13 20:46:25,879 INFO:main.py:654:non_trivial:Optimizing hydrogen bonds
2026-04-13 20:46:25,903 INFO:main.py:666:non_trivial:Applying force field to biomolecule states.
2026-04-13 20:46:25,903 INFO:main.py:713:non_trivial:Regenerating headers.
2026-04-13 20:46:25,903 INFO:main.py:738:non_trivial:Regenerating PDB lines.
2026-04-13 20:46:25,904 WARNING:main.py:311:print_pqr:Ignoring 395 header lines in output.
2026-04-13 20:46:33,165 INFO:main.py:240:print_splash_screen:PDB2PQR v3.6.1: biomolecular structure conversion software.
2026-04-13 20:46:33,165 INFO:main.py:242:print_splash_screen:Please cite:  Jurrus E, et al.  Improvements to the APBS biomolecular solvation software suite.  Protein Sci 27 112-128 (2018).
2026-04-13 20:46:33,165 INFO:main.py:242:print_splash_screen:Please cite:  Dolinsky TJ, et al.  PDB2PQR: expanding and upgrading automated preparation of biomolecular structures for molecular simulations. Nucleic Acids Res 35 W522-W525 (2007).
2026-04-13 20:46:33,165 INFO:main.py:759:main_driver:Checking and transforming input arguments.
2026-04-13 20:46:33,172 INFO:main.py:763:main_driver:Loading topology files.
2026-04-13 20:46:33,217 INFO:main.py:765:main_driver:Loading molecule: 2RVD
2026-04-13 20:46:33,372 INFO:main.py:768:main_driver:Dropping water from structure.
2026-04-13 20:46:33,373 INFO:main.py:770:main_driver:Setting up molecule.
2026-04-13 20:46:33,374 INFO:main.py:408:setup_molecule:Created biomolecule object with 10 residues and 163 atoms.
2026-04-13 20:46:33,374 INFO:main.py:774:main_driver:Setting termini states for biomolecule chains.
2026-04-13 20:46:33,374 INFO:main.py:604:non_trivial:Loading forcefield.
2026-04-13 20:46:33,391 INFO:main.py:608:non_trivial:Loading hydrogen topology definitions.
2026-04-13 20:46:33,396 WARNING:biomolecule.py:157:num_missing_heavy:Missing atom OXT in residue TYR A 10
2026-04-13 20:46:33,396 WARNING:biomolecule.py:157:num_missing_heavy:Missing atom OXT in residue TYR A 10
2026-04-13 20:46:33,396 INFO:main.py:618:non_trivial:Attempting to repair 1 missing atoms in biomolecule.
2026-04-13 20:46:33,396 WARNING:biomolecule.py:157:num_missing_heavy:Missing atom OXT in residue TYR A 10
2026-04-13 20:46:33,397 INFO:biomolecule.py:1077:repair_heavy:Added atom OXT to residue TYR A 10 at coordinates -1.392, -1.790, -1.558
2026-04-13 20:46:33,397 INFO:main.py:623:non_trivial:Updating disulfide bridges.
2026-04-13 20:46:33,397 INFO:main.py:626:non_trivial:Debumping biomolecule.
2026-04-13 20:46:33,399 INFO:main.py:649:non_trivial:Adding hydrogens to biomolecule.
2026-04-13 20:46:33,399 INFO:main.py:652:non_trivial:Debumping biomolecule (again).
2026-04-13 20:46:33,401 INFO:main.py:654:non_trivial:Optimizing hydrogen bonds
2026-04-13 20:46:33,422 INFO:main.py:666:non_trivial:Applying force field to biomolecule states.
2026-04-13 20:46:33,422 INFO:main.py:713:non_trivial:Regenerating headers.
2026-04-13 20:46:33,422 INFO:main.py:738:non_trivial:Regenerating PDB lines.
2026-04-13 20:46:33,423 WARNING:main.py:311:print_pqr:Ignoring 395 header lines in output.
2026-04-13 21:00:11,548 INFO:main.py:240:print_splash_screen:PDB2PQR v3.6.1: biomolecular structure conversion software.
2026-04-13 21:00:11,548 INFO:main.py:242:print_splash_screen:Please cite:  Jurrus E, et al.  Improvements to the APBS biomolecular solvation software suite.  Protein Sci 27 112-128 (2018).
2026-04-13 21:00:11,549 INFO:main.py:242:print_splash_screen:Please cite:  Dolinsky TJ, et al.  PDB2PQR: expanding and upgrading automated preparation of biomolecular structures for molecular simulations. Nucleic Acids Res 35 W522-W525 (2007).
2026-04-13 21:00:11,549 INFO:main.py:759:main_driver:Checking and transforming input arguments.
2026-04-13 21:00:11,554 INFO:main.py:763:main_driver:Loading topology files.
2026-04-13 21:00:11,601 INFO:main.py:765:main_driver:Loading molecule: 2RVD
